{"level":"info","message":"Server started at PORT: 8001","service":"url-shortener-service","timestamp":"2024-07-13 15:59:51"}
{"level":"info","message":"MongoDB connected","service":"url-shortener-service","timestamp":"2024-07-13 15:59:51"}
{"level":"info","message":"Server started at PORT: 8001","service":"url-shortener-service","timestamp":"2024-07-13 16:00:00"}
{"level":"info","message":"MongoDB connected","service":"url-shortener-service","timestamp":"2024-07-13 16:00:00"}
{"level":"warn","message":"URL not found for shortId: favicon.ico","service":"url-shortener-service","timestamp":"2024-07-13 16:01:17"}
{"level":"info","message":"Server started at PORT: 8001","service":"url-shortener-service","timestamp":"2024-07-13 16:02:49"}
{"level":"info","message":"MongoDB connected","service":"url-shortener-service","timestamp":"2024-07-13 16:02:49"}
{"level":"info","message":"Server started at PORT: 8001","service":"url-shortener-service","timestamp":"2024-07-13 16:04:32"}
{"level":"info","message":"MongoDB connected","service":"url-shortener-service","timestamp":"2024-07-13 16:04:32"}
{"level":"info","message":"Short URL generated: KkhJV4SQT for https://example.com","service":"url-shortener-service","timestamp":"2024-07-13 16:05:40"}
{"level":"info","message":"Redirecting to https://example.com","service":"url-shortener-service","timestamp":"2024-07-13 16:06:22"}
{"level":"info","message":"Redirecting to https://example.com","service":"url-shortener-service","timestamp":"2024-07-13 16:06:43"}
{"level":"info","message":"Redirecting to https://example.com","service":"url-shortener-service","timestamp":"2024-07-13 16:10:18"}
{"level":"info","message":"Redirecting to https://example.com","service":"url-shortener-service","timestamp":"2024-07-13 16:10:26"}
{"level":"info","message":"Server started at PORT: 8001","service":"url-shortener-service","timestamp":"2024-07-13 16:14:45"}
{"level":"info","message":"MongoDB connected","service":"url-shortener-service","timestamp":"2024-07-13 16:14:45"}
{"level":"info","message":"Server started at PORT: 8001","service":"url-shortener-service","timestamp":"2024-07-13 16:15:21"}
{"level":"info","message":"MongoDB connected","service":"url-shortener-service","timestamp":"2024-07-13 16:15:21"}
{"level":"info","message":"Server started at PORT: 8001","service":"url-shortener-service","timestamp":"2024-07-13 16:15:25"}
{"level":"info","message":"MongoDB connected","service":"url-shortener-service","timestamp":"2024-07-13 16:15:25"}
{"level":"info","message":"Server started at PORT: 8001","service":"url-shortener-service","timestamp":"2024-07-13 16:15:26"}
{"level":"info","message":"MongoDB connected","service":"url-shortener-service","timestamp":"2024-07-13 16:15:26"}
{"level":"info","message":"Server started at PORT: 8001","service":"url-shortener-service","timestamp":"2024-07-13 16:17:14"}
{"level":"info","message":"MongoDB connected","service":"url-shortener-service","timestamp":"2024-07-13 16:17:14"}
{"level":"info","message":"Server started at PORT: 8001","service":"url-shortener-service","timestamp":"2024-07-13 16:18:17"}
{"level":"info","message":"MongoDB connected","service":"url-shortener-service","timestamp":"2024-07-13 16:18:18"}
{"level":"info","message":"Server started at PORT: 8001","service":"url-shortener-service","timestamp":"2024-07-13 16:18:37"}
{"level":"info","message":"MongoDB connected","service":"url-shortener-service","timestamp":"2024-07-13 16:18:37"}
{"level":"info","message":"Server started at PORT: 8001","service":"url-shortener-service","timestamp":"2024-07-13 16:19:10"}
{"level":"info","message":"MongoDB connected","service":"url-shortener-service","timestamp":"2024-07-13 16:19:10"}
{"level":"info","message":"Server started at PORT: 8001","service":"url-shortener-service","timestamp":"2024-07-13 16:19:17"}
{"level":"info","message":"MongoDB connected","service":"url-shortener-service","timestamp":"2024-07-13 16:19:17"}
{"level":"info","message":"Server started at PORT: 8001","service":"url-shortener-service","timestamp":"2024-07-13 16:19:36"}
{"level":"info","message":"MongoDB connected","service":"url-shortener-service","timestamp":"2024-07-13 16:19:36"}
{"level":"info","message":"Server started at PORT: 8001","service":"url-shortener-service","timestamp":"2024-07-13 16:19:48"}
{"level":"info","message":"MongoDB connected","service":"url-shortener-service","timestamp":"2024-07-13 16:19:48"}
{"level":"info","message":"Server started at PORT: 8001","service":"url-shortener-service","timestamp":"2024-07-13 16:19:56"}
{"level":"info","message":"MongoDB connected","service":"url-shortener-service","timestamp":"2024-07-13 16:19:56"}
{"level":"info","message":"Server started at PORT: 8001","service":"url-shortener-service","timestamp":"2024-07-13 16:29:24"}
{"level":"info","message":"MongoDB connected","service":"url-shortener-service","timestamp":"2024-07-13 16:29:24"}
{"level":"info","message":"Server started at PORT: 8001","service":"url-shortener-service","timestamp":"2024-07-13 16:29:42"}
{"level":"info","message":"MongoDB connected","service":"url-shortener-service","timestamp":"2024-07-13 16:29:42"}
{"level":"info","message":"Server started at PORT: 8001","service":"url-shortener-service","timestamp":"2024-07-13 16:31:07"}
{"level":"info","message":"MongoDB connected","service":"url-shortener-service","timestamp":"2024-07-13 16:31:07"}
{"level":"info","message":"Server started at PORT: 8001","service":"url-shortener-service","timestamp":"2024-07-13 16:34:36"}
{"level":"info","message":"MongoDB connected","service":"url-shortener-service","timestamp":"2024-07-13 16:34:36"}
{"level":"info","message":"Server started at PORT: 8001","service":"url-shortener-service","timestamp":"2024-07-13 16:34:55"}
{"level":"info","message":"MongoDB connected","service":"url-shortener-service","timestamp":"2024-07-13 16:34:55"}
{"level":"info","message":"Server started at PORT: 8001","service":"url-shortener-service","timestamp":"2024-07-13 16:36:07"}
{"level":"info","message":"MongoDB connected","service":"url-shortener-service","timestamp":"2024-07-13 16:36:07"}
{"level":"info","message":"Server started at PORT: 8001","service":"url-shortener-service","timestamp":"2024-07-13 16:39:39"}
{"level":"info","message":"MongoDB connected","service":"url-shortener-service","timestamp":"2024-07-13 16:39:39"}
{"level":"info","message":"Server started at PORT: 8001","service":"url-shortener-service","timestamp":"2024-07-13 16:39:46"}
{"level":"info","message":"MongoDB connected","service":"url-shortener-service","timestamp":"2024-07-13 16:39:46"}
{"level":"info","message":"Server started at PORT: 8001","service":"url-shortener-service","timestamp":"2024-07-13 16:40:42"}
{"level":"info","message":"MongoDB connected","service":"url-shortener-service","timestamp":"2024-07-13 16:40:42"}
{"level":"info","message":"Server started at PORT: 8001","service":"url-shortener-service","timestamp":"2024-07-13 16:41:08"}
{"level":"info","message":"MongoDB connected","service":"url-shortener-service","timestamp":"2024-07-13 16:41:08"}
{"level":"info","message":"Server started at PORT: 8001","service":"url-shortener-service","timestamp":"2024-07-13 16:41:18"}
{"level":"info","message":"MongoDB connected","service":"url-shortener-service","timestamp":"2024-07-13 16:41:18"}
{"level":"info","message":"Server started at PORT: 8001","service":"url-shortener-service","timestamp":"2024-07-13 16:41:50"}
{"level":"info","message":"MongoDB connected","service":"url-shortener-service","timestamp":"2024-07-13 16:41:50"}
{"level":"info","message":"Redirecting to https://example.com","service":"url-shortener-service","timestamp":"2024-07-13 16:44:06"}
{"level":"info","message":"Server started at PORT: 8001","service":"url-shortener-service","timestamp":"2024-07-13 16:44:24"}
{"level":"info","message":"MongoDB connected","service":"url-shortener-service","timestamp":"2024-07-13 16:44:24"}
{"level":"info","message":"Server started at PORT: 8001","service":"url-shortener-service","timestamp":"2024-07-13 16:45:37"}
{"level":"info","message":"MongoDB connected","service":"url-shortener-service","timestamp":"2024-07-13 16:45:37"}
{"level":"info","message":"Server started at PORT: 8001","service":"url-shortener-service","timestamp":"2024-07-13 16:45:48"}
{"level":"info","message":"MongoDB connected","service":"url-shortener-service","timestamp":"2024-07-13 16:45:48"}
{"level":"info","message":"Server started at PORT: 8001","service":"url-shortener-service","timestamp":"2024-07-13 16:48:28"}
{"level":"info","message":"MongoDB connected","service":"url-shortener-service","timestamp":"2024-07-13 16:48:28"}
{"level":"info","message":"Server started at PORT: 8001","service":"url-shortener-service","timestamp":"2024-07-13 16:48:40"}
{"level":"info","message":"MongoDB connected","service":"url-shortener-service","timestamp":"2024-07-13 16:48:40"}
{"level":"info","message":"Redirecting to https://example.com","service":"url-shortener-service","timestamp":"2024-07-13 16:48:51"}
{"level":"info","message":"Server started at PORT: 8001","service":"url-shortener-service","timestamp":"2024-07-13 16:49:13"}
{"level":"info","message":"MongoDB connected","service":"url-shortener-service","timestamp":"2024-07-13 16:49:13"}
{"level":"info","message":"Short URL generated: 57dcdTByx for https://www.ramesh.com","service":"url-shortener-service","timestamp":"2024-07-13 16:49:18"}
{"level":"info","message":"Short URL generated: zYsIGPOmA for https://jhcvuwev.com","service":"url-shortener-service","timestamp":"2024-07-13 16:50:24"}
{"level":"info","message":"Short URL generated: LcJVgdeht for https:ramerfesh.com","service":"url-shortener-service","timestamp":"2024-07-13 16:52:00"}
{"level":"info","message":"Server started at PORT: 8001","service":"url-shortener-service","timestamp":"2024-07-13 16:54:04"}
{"level":"info","message":"MongoDB connected","service":"url-shortener-service","timestamp":"2024-07-13 16:54:05"}
{"level":"info","message":"Server started at PORT: 8001","service":"url-shortener-service","timestamp":"2024-07-13 16:54:37"}
{"level":"info","message":"MongoDB connected","service":"url-shortener-service","timestamp":"2024-07-13 16:54:37"}
{"level":"info","message":"Server started at PORT: 8001","service":"url-shortener-service","timestamp":"2024-07-13 16:55:10"}
{"level":"info","message":"MongoDB connected","service":"url-shortener-service","timestamp":"2024-07-13 16:55:10"}
{"level":"info","message":"Server started at PORT: 8001","service":"url-shortener-service","timestamp":"2024-07-13 16:55:25"}
{"level":"info","message":"MongoDB connected","service":"url-shortener-service","timestamp":"2024-07-13 16:55:25"}
{"level":"info","message":"Server started at PORT: 8001","service":"url-shortener-service","timestamp":"2024-07-13 16:55:37"}
{"level":"info","message":"MongoDB connected","service":"url-shortener-service","timestamp":"2024-07-13 16:55:37"}
{"level":"info","message":"Server started at PORT: 8001","service":"url-shortener-service","timestamp":"2024-07-13 16:56:21"}
{"level":"info","message":"MongoDB connected","service":"url-shortener-service","timestamp":"2024-07-13 16:56:21"}
{"level":"info","message":"Server started at PORT: 8001","service":"url-shortener-service","timestamp":"2024-07-13 16:56:31"}
{"level":"info","message":"MongoDB connected","service":"url-shortener-service","timestamp":"2024-07-13 16:56:31"}
{"level":"info","message":"Server started at PORT: 8001","service":"url-shortener-service","timestamp":"2024-07-13 16:57:19"}
{"level":"info","message":"MongoDB connected","service":"url-shortener-service","timestamp":"2024-07-13 16:57:19"}
{"level":"info","message":"Short URL generated: yBpH3bV9g for https://whbwehvjsh.com","service":"url-shortener-service","timestamp":"2024-07-13 16:57:56"}
{"level":"info","message":"Redirecting to https://whbwehvjsh.com","service":"url-shortener-service","timestamp":"2024-07-13 16:58:05"}
{"level":"info","message":"Short URL generated: dCVk6Mx9W for https://rameshnaik9.github.io/rameshnaik/","service":"url-shortener-service","timestamp":"2024-07-13 16:58:44"}
{"level":"info","message":"Redirecting to https://rameshnaik9.github.io/rameshnaik/","service":"url-shortener-service","timestamp":"2024-07-13 16:58:48"}
{"level":"info","message":"Redirecting to https://rameshnaik9.github.io/rameshnaik/","service":"url-shortener-service","timestamp":"2024-07-13 16:59:51"}
{"level":"info","message":"Server started at PORT: 8001","service":"url-shortener-service","timestamp":"2024-07-13 17:03:34"}
{"level":"info","message":"MongoDB connected","service":"url-shortener-service","timestamp":"2024-07-13 17:03:34"}
{"level":"info","message":"Redirecting to https://whbwehvjsh.com","service":"url-shortener-service","timestamp":"2024-07-13 17:03:59"}
{"level":"info","message":"Server started at PORT: 8001","service":"url-shortener-service","timestamp":"2024-07-13 17:04:39"}
{"level":"info","message":"MongoDB connected","service":"url-shortener-service","timestamp":"2024-07-13 17:04:39"}
{"level":"info","message":"Redirecting to https://whbwehvjsh.com","service":"url-shortener-service","timestamp":"2024-07-13 17:05:15"}
{"level":"info","message":"Redirecting to https://rameshnaik9.github.io/rameshnaik/","service":"url-shortener-service","timestamp":"2024-07-13 17:05:18"}
{"level":"info","message":"Short URL generated: ZK8hd9f4T for https://google.com","service":"url-shortener-service","timestamp":"2024-07-13 17:08:45"}
{"level":"warn","message":"URL not found for shortId: undefined","service":"url-shortener-service","timestamp":"2024-07-13 17:08:49"}
{"level":"warn","message":"URL not found for shortId: favicon.ico","service":"url-shortener-service","timestamp":"2024-07-13 17:08:49"}
{"level":"warn","message":"URL not found for shortId: undefined","service":"url-shortener-service","timestamp":"2024-07-13 17:08:56"}
{"level":"info","message":"Redirecting to https://whbwehvjsh.com","service":"url-shortener-service","timestamp":"2024-07-13 17:09:22"}
{"level":"info","message":"Redirecting to https://rameshnaik9.github.io/rameshnaik/","service":"url-shortener-service","timestamp":"2024-07-13 17:09:24"}
{"level":"info","message":"Short URL generated: _cXrEw9Cw for https://whbwehvjshskjdbceuyvcus.com","service":"url-shortener-service","timestamp":"2024-07-13 17:09:53"}
{"level":"info","message":"Server started at PORT: 8001","service":"url-shortener-service","timestamp":"2024-07-13 17:11:22"}
{"level":"info","message":"MongoDB connected","service":"url-shortener-service","timestamp":"2024-07-13 17:11:22"}
{"level":"info","message":"Server started at PORT: 8001","service":"url-shortener-service","timestamp":"2024-07-13 17:11:41"}
{"level":"info","message":"MongoDB connected","service":"url-shortener-service","timestamp":"2024-07-13 17:11:41"}
{"level":"info","message":"Server started at PORT: 8001","service":"url-shortener-service","timestamp":"2024-07-13 17:11:58"}
{"level":"info","message":"MongoDB connected","service":"url-shortener-service","timestamp":"2024-07-13 17:11:58"}
{"level":"info","message":"Server started at PORT: 8001","service":"url-shortener-service","timestamp":"2024-07-13 17:12:08"}
{"level":"info","message":"MongoDB connected","service":"url-shortener-service","timestamp":"2024-07-13 17:12:09"}
{"level":"warn","message":"URL not found for shortId: url","service":"url-shortener-service","timestamp":"2024-07-13 17:12:09"}
{"level":"info","message":"Server started at PORT: 8001","service":"url-shortener-service","timestamp":"2024-07-13 17:14:46"}
{"level":"info","message":"MongoDB connected","service":"url-shortener-service","timestamp":"2024-07-13 17:14:46"}
{"level":"info","message":"Server started at PORT: 8001","service":"url-shortener-service","timestamp":"2024-07-13 17:15:18"}
{"level":"info","message":"MongoDB connected","service":"url-shortener-service","timestamp":"2024-07-13 17:15:19"}
{"level":"warn","message":"URL not found for shortId: url","service":"url-shortener-service","timestamp":"2024-07-13 17:15:45"}
{"level":"warn","message":"URL not found for shortId: url","service":"url-shortener-service","timestamp":"2024-07-13 17:15:45"}
{"level":"warn","message":"URL not found for shortId: url","service":"url-shortener-service","timestamp":"2024-07-13 17:15:46"}
{"level":"warn","message":"URL not found for shortId: url","service":"url-shortener-service","timestamp":"2024-07-13 17:15:46"}
{"level":"warn","message":"URL not found for shortId: url","service":"url-shortener-service","timestamp":"2024-07-13 17:15:46"}
{"level":"warn","message":"URL not found for shortId: url","service":"url-shortener-service","timestamp":"2024-07-13 17:15:46"}
{"level":"warn","message":"URL not found for shortId: url","service":"url-shortener-service","timestamp":"2024-07-13 17:15:49"}
{"level":"warn","message":"URL not found for shortId: url","service":"url-shortener-service","timestamp":"2024-07-13 17:15:49"}
{"level":"warn","message":"URL not found for shortId: url","service":"url-shortener-service","timestamp":"2024-07-13 17:15:49"}
{"level":"warn","message":"URL not found for shortId: url","service":"url-shortener-service","timestamp":"2024-07-13 17:15:49"}
{"level":"warn","message":"URL not found for shortId: url","service":"url-shortener-service","timestamp":"2024-07-13 17:15:49"}
{"level":"warn","message":"URL not found for shortId: url","service":"url-shortener-service","timestamp":"2024-07-13 17:15:49"}
{"level":"warn","message":"URL not found for shortId: url","service":"url-shortener-service","timestamp":"2024-07-13 17:15:49"}
{"level":"warn","message":"URL not found for shortId: url","service":"url-shortener-service","timestamp":"2024-07-13 17:15:49"}
{"level":"warn","message":"URL not found for shortId: url","service":"url-shortener-service","timestamp":"2024-07-13 17:16:07"}
{"level":"warn","message":"URL not found for shortId: url","service":"url-shortener-service","timestamp":"2024-07-13 17:16:07"}
{"level":"warn","message":"URL not found for shortId: url","service":"url-shortener-service","timestamp":"2024-07-13 17:16:08"}
{"level":"warn","message":"URL not found for shortId: url","service":"url-shortener-service","timestamp":"2024-07-13 17:16:08"}
{"level":"warn","message":"URL not found for shortId: url","service":"url-shortener-service","timestamp":"2024-07-13 17:16:08"}
{"level":"warn","message":"URL not found for shortId: url","service":"url-shortener-service","timestamp":"2024-07-13 17:16:08"}
{"level":"warn","message":"URL not found for shortId: url","service":"url-shortener-service","timestamp":"2024-07-13 17:16:56"}
{"level":"warn","message":"URL not found for shortId: url","service":"url-shortener-service","timestamp":"2024-07-13 17:16:56"}
{"level":"info","message":"Redirecting to https://rameshnaik9.github.io/rameshnaik/","service":"url-shortener-service","timestamp":"2024-07-13 17:17:06"}
{"level":"info","message":"Server started at PORT: 8001","service":"url-shortener-service","timestamp":"2024-07-13 17:17:30"}
{"level":"info","message":"MongoDB connected","service":"url-shortener-service","timestamp":"2024-07-13 17:17:30"}
{"level":"warn","message":"URL not found for shortId: url","service":"url-shortener-service","timestamp":"2024-07-13 17:17:33"}
{"level":"warn","message":"URL not found for shortId: url","service":"url-shortener-service","timestamp":"2024-07-13 17:17:33"}
{"level":"info","message":"Redirecting to http://localhost:8001/vRVZm4ZQE\tGo to Link","service":"url-shortener-service","timestamp":"2024-07-13 17:18:14"}
{"level":"warn","message":"URL not found for shortId: vRVZm4ZQE\tGo to Link","service":"url-shortener-service","timestamp":"2024-07-13 17:18:14"}
{"level":"info","message":"Redirecting to http://localhost:8001/vRVZm4ZQE\tGo to Link","service":"url-shortener-service","timestamp":"2024-07-13 17:18:17"}
{"level":"warn","message":"URL not found for shortId: vRVZm4ZQE\tGo to Link","service":"url-shortener-service","timestamp":"2024-07-13 17:18:17"}
{"level":"warn","message":"URL not found for shortId: url","service":"url-shortener-service","timestamp":"2024-07-13 17:18:25"}
{"level":"warn","message":"URL not found for shortId: url","service":"url-shortener-service","timestamp":"2024-07-13 17:18:25"}
{"level":"info","message":"Redirecting to https://google.com","service":"url-shortener-service","timestamp":"2024-07-13 17:19:07"}
{"level":"info","message":"Redirecting to https://google.com","service":"url-shortener-service","timestamp":"2024-07-13 17:19:10"}
{"level":"info","message":"Redirecting to http://localhost:8001/sufx3rEsC","service":"url-shortener-service","timestamp":"2024-07-13 17:19:20"}
{"level":"info","message":"Redirecting to https://google.com","service":"url-shortener-service","timestamp":"2024-07-13 17:19:20"}
{"level":"warn","message":"URL not found for shortId: url","service":"url-shortener-service","timestamp":"2024-07-13 17:19:26"}
{"level":"warn","message":"URL not found for shortId: url","service":"url-shortener-service","timestamp":"2024-07-13 17:19:26"}
{"level":"info","message":"Server started at PORT: 8001","service":"url-shortener-service","timestamp":"2024-07-13 17:28:00"}
{"level":"info","message":"MongoDB connected","service":"url-shortener-service","timestamp":"2024-07-13 17:28:00"}
{"level":"info","message":"Server started at PORT: 8001","service":"url-shortener-service","timestamp":"2024-07-13 17:28:13"}
{"level":"info","message":"MongoDB connected","service":"url-shortener-service","timestamp":"2024-07-13 17:28:13"}
{"level":"warn","message":"URL not found for shortId: url","service":"url-shortener-service","timestamp":"2024-07-13 17:28:14"}
{"level":"warn","message":"URL not found for shortId: url","service":"url-shortener-service","timestamp":"2024-07-13 17:28:14"}
{"level":"info","message":"Server started at PORT: 8001","service":"url-shortener-service","timestamp":"2024-07-13 17:28:49"}
{"level":"info","message":"MongoDB connected","service":"url-shortener-service","timestamp":"2024-07-13 17:28:49"}
{"level":"info","message":"Server started at PORT: 8001","service":"url-shortener-service","timestamp":"2024-07-13 17:30:38"}
{"level":"info","message":"MongoDB connected","service":"url-shortener-service","timestamp":"2024-07-13 17:30:38"}
{"level":"info","message":"Redirecting to https://example.com","service":"url-shortener-service","timestamp":"2024-07-13 17:31:28"}
{"level":"info","message":"Server started at PORT: 8001","service":"url-shortener-service","timestamp":"2024-07-13 17:31:46"}
{"level":"info","message":"MongoDB connected","service":"url-shortener-service","timestamp":"2024-07-13 17:31:46"}
{"level":"info","message":"Server started at PORT: 8001","service":"url-shortener-service","timestamp":"2024-07-13 17:32:29"}
{"level":"info","message":"MongoDB connected","service":"url-shortener-service","timestamp":"2024-07-13 17:32:29"}
{"level":"info","message":"Server started at PORT: 8001","service":"url-shortener-service","timestamp":"2024-07-13 17:32:33"}
{"level":"info","message":"MongoDB connected","service":"url-shortener-service","timestamp":"2024-07-13 17:32:33"}
{"level":"info","message":"Server started at PORT: 8001","service":"url-shortener-service","timestamp":"2024-07-13 17:33:16"}
{"level":"info","message":"MongoDB connected","service":"url-shortener-service","timestamp":"2024-07-13 17:33:16"}
{"level":"info","message":"Server started at PORT: 8001","service":"url-shortener-service","timestamp":"2024-07-13 17:33:53"}
{"level":"info","message":"MongoDB connected","service":"url-shortener-service","timestamp":"2024-07-13 17:33:53"}
{"level":"info","message":"Server started at PORT: 8001","service":"url-shortener-service","timestamp":"2024-07-13 17:33:58"}
{"level":"info","message":"MongoDB connected","service":"url-shortener-service","timestamp":"2024-07-13 17:33:58"}
{"level":"info","message":"Server started at PORT: 8001","service":"url-shortener-service","timestamp":"2024-07-13 17:34:05"}
{"level":"info","message":"MongoDB connected","service":"url-shortener-service","timestamp":"2024-07-13 17:34:05"}
{"level":"info","message":"Server started at PORT: 8001","service":"url-shortener-service","timestamp":"2024-07-13 17:34:09"}
{"level":"info","message":"MongoDB connected","service":"url-shortener-service","timestamp":"2024-07-13 17:34:09"}
{"level":"info","message":"Server started at PORT: 8001","service":"url-shortener-service","timestamp":"2024-07-13 17:34:44"}
{"level":"info","message":"MongoDB connected","service":"url-shortener-service","timestamp":"2024-07-13 17:34:44"}
{"level":"info","message":"Server started at PORT: 8001","service":"url-shortener-service","timestamp":"2024-07-13 17:35:02"}
{"level":"info","message":"MongoDB connected","service":"url-shortener-service","timestamp":"2024-07-13 17:35:02"}
{"level":"info","message":"Server started at PORT: 8001","service":"url-shortener-service","timestamp":"2024-07-13 17:36:16"}
{"level":"info","message":"MongoDB connected","service":"url-shortener-service","timestamp":"2024-07-13 17:36:16"}
{"level":"info","message":"Server started at PORT: 8001","service":"url-shortener-service","timestamp":"2024-07-13 17:37:27"}
{"level":"info","message":"MongoDB connected","service":"url-shortener-service","timestamp":"2024-07-13 17:37:27"}
{"level":"info","message":"Server started at PORT: 8001","service":"url-shortener-service","timestamp":"2024-07-13 17:42:23"}
{"level":"info","message":"MongoDB connected","service":"url-shortener-service","timestamp":"2024-07-13 17:42:23"}
{"level":"info","message":"Server started at PORT: 8001","service":"url-shortener-service","timestamp":"2024-07-13 17:42:48"}
{"level":"info","message":"MongoDB connected","service":"url-shortener-service","timestamp":"2024-07-13 17:42:48"}
{"level":"info","message":"Server started at PORT: 8001","service":"url-shortener-service","timestamp":"2024-07-13 17:44:35"}
{"level":"info","message":"MongoDB connected","service":"url-shortener-service","timestamp":"2024-07-13 17:44:35"}
{"level":"info","message":"Server started at PORT: 8001","service":"url-shortener-service","timestamp":"2024-07-13 17:45:28"}
{"level":"info","message":"MongoDB connected","service":"url-shortener-service","timestamp":"2024-07-13 17:45:28"}
{"level":"info","message":"Server started at PORT: 8001","service":"url-shortener-service","timestamp":"2024-07-13 17:46:55"}
{"level":"info","message":"MongoDB connected","service":"url-shortener-service","timestamp":"2024-07-13 17:46:55"}
{"level":"info","message":"Server started at PORT: 8001","service":"url-shortener-service","timestamp":"2024-07-13 17:47:32"}
{"level":"info","message":"MongoDB connected","service":"url-shortener-service","timestamp":"2024-07-13 17:47:32"}
{"level":"info","message":"Server started at PORT: 8001","service":"url-shortener-service","timestamp":"2024-07-13 17:47:53"}
{"level":"info","message":"MongoDB connected","service":"url-shortener-service","timestamp":"2024-07-13 17:47:53"}
{"level":"info","message":"Server started at PORT: 8001","service":"url-shortener-service","timestamp":"2024-07-13 17:48:43"}
{"level":"info","message":"MongoDB connected","service":"url-shortener-service","timestamp":"2024-07-13 17:48:43"}
{"level":"info","message":"Redirecting to https://rameshnaik9.github.io/rameshnaik/","service":"url-shortener-service","timestamp":"2024-07-13 17:49:24"}
{"level":"info","message":"Server started at PORT: 8001","service":"url-shortener-service","timestamp":"2024-07-13 17:49:58"}
{"level":"info","message":"MongoDB connected","service":"url-shortener-service","timestamp":"2024-07-13 17:49:58"}
{"level":"info","message":"Server started at PORT: 8001","service":"url-shortener-service","timestamp":"2024-07-13 17:50:12"}
{"level":"info","message":"MongoDB connected","service":"url-shortener-service","timestamp":"2024-07-13 17:50:12"}
{"level":"info","message":"Server started at PORT: 8001","service":"url-shortener-service","timestamp":"2024-07-13 17:50:39"}
{"level":"info","message":"MongoDB connected","service":"url-shortener-service","timestamp":"2024-07-13 17:50:39"}
{"level":"info","message":"Server started at PORT: 8001","service":"url-shortener-service","timestamp":"2024-07-13 17:51:31"}
{"level":"info","message":"MongoDB connected","service":"url-shortener-service","timestamp":"2024-07-13 17:51:31"}
{"level":"info","message":"Server started at PORT: 8001","service":"url-shortener-service","timestamp":"2024-07-13 17:51:37"}
{"level":"info","message":"MongoDB connected","service":"url-shortener-service","timestamp":"2024-07-13 17:51:37"}
{"level":"info","message":"Server started at PORT: 8001","service":"url-shortener-service","timestamp":"2024-07-13 17:51:47"}
{"level":"info","message":"MongoDB connected","service":"url-shortener-service","timestamp":"2024-07-13 17:51:47"}
{"level":"info","message":"Server started at PORT: 8001","service":"url-shortener-service","timestamp":"2024-07-13 17:55:15"}
{"level":"info","message":"MongoDB connected","service":"url-shortener-service","timestamp":"2024-07-13 17:55:15"}
{"level":"info","message":"Server started at PORT: 8001","service":"url-shortener-service","timestamp":"2024-07-13 17:56:02"}
{"level":"info","message":"MongoDB connected","service":"url-shortener-service","timestamp":"2024-07-13 17:56:02"}
{"level":"info","message":"Server started at PORT: 8001","service":"url-shortener-service","timestamp":"2024-07-13 17:56:06"}
{"level":"info","message":"MongoDB connected","service":"url-shortener-service","timestamp":"2024-07-13 17:56:06"}
{"level":"info","message":"Server started at PORT: 8001","service":"url-shortener-service","timestamp":"2024-07-13 17:56:12"}
{"level":"info","message":"MongoDB connected","service":"url-shortener-service","timestamp":"2024-07-13 17:56:12"}
{"level":"info","message":"Server started at PORT: 8001","service":"url-shortener-service","timestamp":"2024-07-13 17:58:45"}
{"level":"info","message":"MongoDB connected","service":"url-shortener-service","timestamp":"2024-07-13 17:58:45"}
{"level":"info","message":"Server started at PORT: 8001","service":"url-shortener-service","timestamp":"2024-07-13 18:01:49"}
{"level":"info","message":"MongoDB connected","service":"url-shortener-service","timestamp":"2024-07-13 18:01:49"}
{"level":"info","message":"Server started at PORT: 8001","service":"url-shortener-service","timestamp":"2024-07-13 18:01:59"}
{"level":"info","message":"MongoDB connected","service":"url-shortener-service","timestamp":"2024-07-13 18:01:59"}
{"level":"info","message":"Server started at PORT: 8001","service":"url-shortener-service","timestamp":"2024-07-13 18:02:21"}
{"level":"info","message":"MongoDB connected","service":"url-shortener-service","timestamp":"2024-07-13 18:02:21"}
{"level":"info","message":"Server started at PORT: 8001","service":"url-shortener-service","timestamp":"2024-07-13 18:03:00"}
{"level":"info","message":"MongoDB connected","service":"url-shortener-service","timestamp":"2024-07-13 18:03:00"}
{"level":"info","message":"Server started at PORT: 8001","service":"url-shortener-service","timestamp":"2024-07-13 18:08:22"}
{"level":"info","message":"MongoDB connected","service":"url-shortener-service","timestamp":"2024-07-13 18:08:22"}
{"level":"info","message":"Server started at PORT: 8001","service":"url-shortener-service","timestamp":"2024-07-13 18:08:35"}
{"level":"info","message":"MongoDB connected","service":"url-shortener-service","timestamp":"2024-07-13 18:08:35"}
{"level":"info","message":"Server started at PORT: 8001","service":"url-shortener-service","timestamp":"2024-07-13 18:08:40"}
{"level":"info","message":"MongoDB connected","service":"url-shortener-service","timestamp":"2024-07-13 18:08:40"}
{"level":"info","message":"Server started at PORT: 8001","service":"url-shortener-service","timestamp":"2024-07-13 18:16:19"}
{"level":"info","message":"MongoDB connected","service":"url-shortener-service","timestamp":"2024-07-13 18:16:19"}
{"level":"info","message":"Server started at PORT: 8001","service":"url-shortener-service","timestamp":"2024-07-13 18:18:05"}
{"level":"info","message":"MongoDB connected","service":"url-shortener-service","timestamp":"2024-07-13 18:18:05"}
{"level":"info","message":"Short URL generated: aLFWkhP1f for https://example.com","service":"url-shortener-service","timestamp":"2024-07-13 18:24:05"}
{"level":"info","message":"Redirecting to https://example.com","service":"url-shortener-service","timestamp":"2024-07-13 18:24:11"}
{"level":"info","message":"Server started at PORT: 8001","service":"url-shortener-service","timestamp":"2024-07-13 18:30:40"}
{"level":"info","message":"MongoDB connected","service":"url-shortener-service","timestamp":"2024-07-13 18:30:40"}
{"level":"info","message":"Server started at PORT: 8001","service":"url-shortener-service","timestamp":"2024-07-13 18:31:25"}
{"level":"info","message":"MongoDB connected","service":"url-shortener-service","timestamp":"2024-07-13 18:31:25"}
{"level":"info","message":"Server started at PORT: 8001","service":"url-shortener-service","timestamp":"2024-07-13 18:31:36"}
{"level":"info","message":"MongoDB connected","service":"url-shortener-service","timestamp":"2024-07-13 18:31:36"}
{"level":"info","message":"Server started at PORT: 8001","service":"url-shortener-service","timestamp":"2024-07-13 18:32:43"}
{"level":"info","message":"MongoDB connected","service":"url-shortener-service","timestamp":"2024-07-13 18:32:43"}
{"level":"info","message":"Server started at PORT: 8001","service":"url-shortener-service","timestamp":"2024-07-13 18:32:46"}
{"level":"info","message":"MongoDB connected","service":"url-shortener-service","timestamp":"2024-07-13 18:32:46"}
{"level":"info","message":"Server started at PORT: 8001","service":"url-shortener-service","timestamp":"2024-07-13 18:45:27"}
{"level":"info","message":"MongoDB connected","service":"url-shortener-service","timestamp":"2024-07-13 18:45:27"}
{"level":"info","message":"Server started at PORT: 8001","service":"url-shortener-service","timestamp":"2024-07-13 18:45:31"}
{"level":"info","message":"MongoDB connected","service":"url-shortener-service","timestamp":"2024-07-13 18:45:31"}
{"level":"info","message":"Server started at PORT: 8001","service":"url-shortener-service","timestamp":"2024-07-13 18:45:38"}
{"level":"info","message":"MongoDB connected","service":"url-shortener-service","timestamp":"2024-07-13 18:45:38"}
{"level":"info","message":"Short URL generated: ftKi4aNf7 for https://example.com","service":"url-shortener-service","timestamp":"2024-07-13 18:47:26"}
{"level":"info","message":"Server started at PORT: 8001","service":"url-shortener-service","timestamp":"2024-07-13 18:50:48"}
{"level":"info","message":"MongoDB connected","service":"url-shortener-service","timestamp":"2024-07-13 18:50:48"}
{"level":"info","message":"Short URL generated: 4X09xIqwU for https://rameshnaik9.github.io/rameshnaik/","service":"url-shortener-service","timestamp":"2024-07-13 18:51:02"}
{"level":"info","message":"Server started at PORT: 8001","service":"url-shortener-service","timestamp":"2024-07-13 18:51:36"}
{"level":"info","message":"MongoDB connected","service":"url-shortener-service","timestamp":"2024-07-13 18:51:36"}
{"level":"info","message":"Short URL generated: EfjwPclmq for https://rameshnaik9.github.io/rameshnaik/","service":"url-shortener-service","timestamp":"2024-07-13 18:51:43"}
{"level":"info","message":"Short URL generated: lpF5AfsmJ for https://rameshnaik9.github.io/rameshnaik/","service":"url-shortener-service","timestamp":"2024-07-13 18:51:48"}
{"level":"info","message":"Server started at PORT: 8001","service":"url-shortener-service","timestamp":"2024-07-13 18:53:18"}
{"level":"info","message":"MongoDB connected","service":"url-shortener-service","timestamp":"2024-07-13 18:53:18"}
{"level":"info","message":"Server started at PORT: 8001","service":"url-shortener-service","timestamp":"2024-07-13 18:53:23"}
{"level":"info","message":"MongoDB connected","service":"url-shortener-service","timestamp":"2024-07-13 18:53:23"}
{"level":"info","message":"Server started at PORT: 8001","service":"url-shortener-service","timestamp":"2024-07-13 18:53:24"}
{"level":"info","message":"MongoDB connected","service":"url-shortener-service","timestamp":"2024-07-13 18:53:24"}
{"level":"info","message":"Server started at PORT: 8001","service":"url-shortener-service","timestamp":"2024-07-13 18:54:25"}
{"level":"info","message":"MongoDB connected","service":"url-shortener-service","timestamp":"2024-07-13 18:54:25"}
{"level":"info","message":"Server started at PORT: 8001","service":"url-shortener-service","timestamp":"2024-07-13 18:54:51"}
{"level":"info","message":"MongoDB connected","service":"url-shortener-service","timestamp":"2024-07-13 18:54:51"}
{"level":"info","message":"Server started at PORT: 8001","service":"url-shortener-service","timestamp":"2024-07-13 18:54:57"}
{"level":"info","message":"MongoDB connected","service":"url-shortener-service","timestamp":"2024-07-13 18:54:57"}
{"level":"info","message":"Server started at PORT: 8001","service":"url-shortener-service","timestamp":"2024-07-13 19:00:19"}
{"level":"info","message":"MongoDB connected","service":"url-shortener-service","timestamp":"2024-07-13 19:00:19"}
{"level":"info","message":"Server started at PORT: 8001","service":"url-shortener-service","timestamp":"2024-07-13 19:00:42"}
{"level":"info","message":"MongoDB connected","service":"url-shortener-service","timestamp":"2024-07-13 19:00:42"}
{"level":"info","message":"Server started at PORT: 8001","service":"url-shortener-service","timestamp":"2024-07-13 19:03:57"}
{"level":"info","message":"MongoDB connected","service":"url-shortener-service","timestamp":"2024-07-13 19:03:57"}
{"level":"info","message":"Server started at PORT: 8001","service":"url-shortener-service","timestamp":"2024-07-13 19:04:20"}
{"level":"info","message":"MongoDB connected","service":"url-shortener-service","timestamp":"2024-07-13 19:04:21"}
{"level":"info","message":"Server started at PORT: 8001","service":"url-shortener-service","timestamp":"2024-07-13 19:04:45"}
{"level":"info","message":"MongoDB connected","service":"url-shortener-service","timestamp":"2024-07-13 19:04:45"}
{"level":"info","message":"Server started at PORT: 8001","service":"url-shortener-service","timestamp":"2024-07-13 19:06:07"}
{"level":"info","message":"MongoDB connected","service":"url-shortener-service","timestamp":"2024-07-13 19:06:07"}
{"level":"info","message":"Server started at PORT: 8001","service":"url-shortener-service","timestamp":"2024-07-13 19:06:22"}
{"level":"info","message":"MongoDB connected","service":"url-shortener-service","timestamp":"2024-07-13 19:06:22"}
{"level":"info","message":"Server started at PORT: 8001","service":"url-shortener-service","timestamp":"2024-07-13 19:11:06"}
{"level":"info","message":"MongoDB connected","service":"url-shortener-service","timestamp":"2024-07-13 19:11:06"}
{"level":"info","message":"Server started at PORT: 8001","service":"url-shortener-service","timestamp":"2024-07-13 19:18:41"}
{"level":"info","message":"MongoDB connected","service":"url-shortener-service","timestamp":"2024-07-13 19:18:41"}
{"level":"info","message":"Short URL generated: 0AkSew7ug for https://example.com","service":"url-shortener-service","timestamp":"2024-07-13 19:18:57"}
{"level":"info","message":"Redirecting to https://example.com","service":"url-shortener-service","timestamp":"2024-07-13 19:18:59"}
{"level":"info","message":"Server started at PORT: 8001","service":"url-shortener-service","timestamp":"2024-07-13 19:22:36"}
{"level":"info","message":"MongoDB connected","service":"url-shortener-service","timestamp":"2024-07-13 19:22:36"}
{"level":"info","message":"Short URL generated: FjL14hidr for https://example.com","service":"url-shortener-service","timestamp":"2024-07-13 19:22:45"}
{"level":"info","message":"Redirecting to https://example.com","service":"url-shortener-service","timestamp":"2024-07-13 19:22:47"}
{"level":"info","message":"Server started at PORT: 8001","service":"url-shortener-service","timestamp":"2024-07-13 19:26:27"}
{"level":"info","message":"MongoDB connected","service":"url-shortener-service","timestamp":"2024-07-13 19:26:27"}
{"level":"info","message":"Server started at PORT: 8001","service":"url-shortener-service","timestamp":"2024-07-13 19:26:31"}
{"level":"info","message":"MongoDB connected","service":"url-shortener-service","timestamp":"2024-07-13 19:26:31"}
{"level":"info","message":"Short URL generated: SZv6anXht for https://rameshnaik9.github.io/rameshnaik/","service":"url-shortener-service","timestamp":"2024-07-13 19:27:38"}
{"level":"info","message":"Server started at PORT: 8001","service":"url-shortener-service","timestamp":"2024-07-13 19:29:47"}
{"level":"info","message":"MongoDB connected","service":"url-shortener-service","timestamp":"2024-07-13 19:29:47"}
{"level":"info","message":"Server started at PORT: 8001","service":"url-shortener-service","timestamp":"2024-07-13 19:32:41"}
{"level":"info","message":"MongoDB connected","service":"url-shortener-service","timestamp":"2024-07-13 19:32:41"}
{"level":"info","message":"Server started at PORT: 8001","service":"url-shortener-service","timestamp":"2024-07-13 19:33:30"}
{"level":"info","message":"MongoDB connected","service":"url-shortener-service","timestamp":"2024-07-13 19:33:30"}
{"level":"info","message":"Server started at PORT: 8001","service":"url-shortener-service","timestamp":"2024-07-13 19:33:42"}
{"level":"info","message":"MongoDB connected","service":"url-shortener-service","timestamp":"2024-07-13 19:33:42"}
{"level":"info","message":"Server started at PORT: 8001","service":"url-shortener-service","timestamp":"2024-07-13 19:34:06"}
{"level":"info","message":"MongoDB connected","service":"url-shortener-service","timestamp":"2024-07-13 19:34:06"}
{"level":"info","message":"Redirecting to https://rameshnaik9.github.io/rameshnaik/","service":"url-shortener-service","timestamp":"2024-07-13 19:34:13"}
{"level":"info","message":"Server started at PORT: 8001","service":"url-shortener-service","timestamp":"2024-07-13 19:34:55"}
{"level":"info","message":"MongoDB connected","service":"url-shortener-service","timestamp":"2024-07-13 19:34:55"}
{"level":"info","message":"Redirecting to https://rameshnaik9.github.io/rameshnaik/","service":"url-shortener-service","timestamp":"2024-07-13 19:35:07"}
{"level":"info","message":"Redirecting to https://rameshnaik9.github.io/rameshnaik/","service":"url-shortener-service","timestamp":"2024-07-13 19:35:11"}
{"level":"info","message":"Server started at PORT: 8001","service":"url-shortener-service","timestamp":"2024-07-13 19:36:04"}
{"level":"info","message":"MongoDB connected","service":"url-shortener-service","timestamp":"2024-07-13 19:36:04"}
{"level":"info","message":"Redirecting to https://example.com","service":"url-shortener-service","timestamp":"2024-07-13 19:36:10"}
{"level":"info","message":"Redirecting to https://example.com","service":"url-shortener-service","timestamp":"2024-07-13 19:36:14"}
{"level":"info","message":"Redirecting to https://example.com","service":"url-shortener-service","timestamp":"2024-07-13 19:36:22"}
{"level":"info","message":"Server started at PORT: 8001","service":"url-shortener-service","timestamp":"2024-07-13 19:36:34"}
{"level":"info","message":"MongoDB connected","service":"url-shortener-service","timestamp":"2024-07-13 19:36:34"}
{"level":"info","message":"Short URL generated: cv5dXEgAk for https://rameshnaik9.github.io/rameshnaik/","service":"url-shortener-service","timestamp":"2024-07-13 19:37:07"}
{"level":"info","message":"Server started at PORT: 8001","service":"url-shortener-service","timestamp":"2024-07-13 19:40:51"}
{"level":"info","message":"MongoDB connected","service":"url-shortener-service","timestamp":"2024-07-13 19:40:51"}
{"level":"info","message":"Server started at PORT: 8001","service":"url-shortener-service","timestamp":"2024-07-13 19:41:03"}
{"level":"info","message":"MongoDB connected","service":"url-shortener-service","timestamp":"2024-07-13 19:41:03"}
{"level":"info","message":"Server started at PORT: 8001","service":"url-shortener-service","timestamp":"2024-07-13 19:41:22"}
{"level":"info","message":"MongoDB connected","service":"url-shortener-service","timestamp":"2024-07-13 19:41:22"}
{"level":"info","message":"Server started at PORT: 8001","service":"url-shortener-service","timestamp":"2024-07-13 19:42:12"}
{"level":"info","message":"MongoDB connected","service":"url-shortener-service","timestamp":"2024-07-13 19:42:12"}
{"level":"info","message":"Server started at PORT: 8001","service":"url-shortener-service","timestamp":"2024-07-13 19:43:36"}
{"level":"info","message":"MongoDB connected","service":"url-shortener-service","timestamp":"2024-07-13 19:43:36"}
{"level":"info","message":"Server started at PORT: 8001","service":"url-shortener-service","timestamp":"2024-07-13 19:43:47"}
{"level":"info","message":"MongoDB connected","service":"url-shortener-service","timestamp":"2024-07-13 19:43:47"}
{"level":"info","message":"Server started at PORT: 8001","service":"url-shortener-service","timestamp":"2024-07-13 22:45:56"}
{"level":"info","message":"MongoDB connected","service":"url-shortener-service","timestamp":"2024-07-13 22:45:56"}
{"level":"info","message":"Server started at PORT: 8001","service":"url-shortener-service","timestamp":"2024-07-13 22:48:10"}
{"level":"info","message":"MongoDB connected","service":"url-shortener-service","timestamp":"2024-07-13 22:48:10"}
{"level":"info","message":"Short URL generated: e9BNgi1V_ for https://rameshnaik.azurewebsites.net/","service":"url-shortener-service","timestamp":"2024-07-13 22:48:39"}
{"level":"info","message":"Redirecting to https://rameshnaik.azurewebsites.net/","service":"url-shortener-service","timestamp":"2024-07-13 22:48:42"}
{"level":"info","message":"Server started at PORT: 8001","service":"url-shortener-service","timestamp":"2024-07-13 22:50:26"}
{"level":"info","message":"MongoDB connected","service":"url-shortener-service","timestamp":"2024-07-13 22:50:26"}
{"level":"info","message":"Server started at PORT: 8001","service":"url-shortener-service","timestamp":"2024-07-13 22:55:28"}
{"level":"info","message":"MongoDB connected","service":"url-shortener-service","timestamp":"2024-07-13 22:55:28"}
{"level":"info","message":"Server started at PORT: 8001","service":"url-shortener-service","timestamp":"2024-07-13 23:01:11"}
{"level":"info","message":"MongoDB connected","service":"url-shortener-service","timestamp":"2024-07-13 23:01:11"}
{"level":"info","message":"Server started at PORT: 8001","service":"url-shortener-service","timestamp":"2024-07-13 23:01:25"}
{"level":"info","message":"MongoDB connected","service":"url-shortener-service","timestamp":"2024-07-13 23:01:25"}
{"level":"info","message":"Server started at PORT: 8001","service":"url-shortener-service","timestamp":"2024-07-13 23:01:46"}
{"level":"info","message":"MongoDB connected","service":"url-shortener-service","timestamp":"2024-07-13 23:01:46"}
{"level":"info","message":"Short URL generated: vNIBpQBIK for https://www.linkedin.com/in/ramesh-lahori-a2799b200/","service":"url-shortener-service","timestamp":"2024-07-13 23:03:24"}
{"level":"info","message":"Redirecting to https://www.linkedin.com/in/ramesh-lahori-a2799b200/","service":"url-shortener-service","timestamp":"2024-07-13 23:03:41"}
{"level":"info","message":"Redirecting to https://www.linkedin.com/in/ramesh-lahori-a2799b200/","service":"url-shortener-service","timestamp":"2024-07-13 23:04:10"}
{"level":"info","message":"Short URL generated: BBg5cNrd7 for http://localhost:8001/vNIBpQBIK","service":"url-shortener-service","timestamp":"2024-07-13 23:05:59"}
{"level":"info","message":"Short URL generated: 8IIHJW1yG for http://localhost:8001/vNIBpQBIK","service":"url-shortener-service","timestamp":"2024-07-13 23:06:12"}
{"level":"info","message":"Server started at PORT: 8001","service":"url-shortener-service","timestamp":"2024-07-13 23:08:10"}
{"level":"info","message":"MongoDB connected","service":"url-shortener-service","timestamp":"2024-07-13 23:08:10"}
{"level":"info","message":"Short URL generated: gzI0K2pHL for http://localhost:8001/8IIHJW1yG","service":"url-shortener-service","timestamp":"2024-07-13 23:08:35"}
{"level":"info","message":"Short URL generated: mwXWrqi9Q for http://localhost:8001/8IIHJW1yG","service":"url-shortener-service","timestamp":"2024-07-13 23:08:42"}
{"level":"info","message":"Server started at PORT: 8001","service":"url-shortener-service","timestamp":"2024-07-13 23:08:53"}
{"level":"info","message":"MongoDB connected","service":"url-shortener-service","timestamp":"2024-07-13 23:08:53"}
{"level":"info","message":"Short URL generated: xSSHBjhiq for http://localhost:8001/8IIHJW1yG","service":"url-shortener-service","timestamp":"2024-07-13 23:09:02"}
{"level":"info","message":"Short URL generated: 56QuOz1Hr for http://localhost:8001/8IIHJW1yG","service":"url-shortener-service","timestamp":"2024-07-13 23:09:08"}
{"level":"info","message":"Short URL generated: xmnZCU038 for http://localhost:8001/8IIHJW1yG","service":"url-shortener-service","timestamp":"2024-07-13 23:09:54"}
{"level":"info","message":"Server started at PORT: 8001","service":"url-shortener-service","timestamp":"2024-07-13 23:10:03"}
{"level":"info","message":"MongoDB connected","service":"url-shortener-service","timestamp":"2024-07-13 23:10:03"}
{"level":"info","message":"Short URL generated: Pqafjc25S for http://localhost:8001/8IIHJW1yG","service":"url-shortener-service","timestamp":"2024-07-13 23:10:11"}
{"level":"info","message":"Redirecting to http://localhost:8001/8IIHJW1yG","service":"url-shortener-service","timestamp":"2024-07-13 23:10:14"}
{"level":"info","message":"Redirecting to http://localhost:8001/vNIBpQBIK","service":"url-shortener-service","timestamp":"2024-07-13 23:10:14"}
{"level":"info","message":"Redirecting to https://www.linkedin.com/in/ramesh-lahori-a2799b200/","service":"url-shortener-service","timestamp":"2024-07-13 23:10:14"}
{"level":"info","message":"Server started at PORT: 8001","service":"url-shortener-service","timestamp":"2024-07-13 23:10:44"}
{"level":"info","message":"MongoDB connected","service":"url-shortener-service","timestamp":"2024-07-13 23:10:44"}
{"level":"info","message":"Server started at PORT: 8001","service":"url-shortener-service","timestamp":"2024-07-13 23:10:56"}
{"level":"info","message":"MongoDB connected","service":"url-shortener-service","timestamp":"2024-07-13 23:10:56"}
{"level":"info","message":"Short URL generated: KiaQZGvQK for http://localhost:8001/8IIHJW1yG","service":"url-shortener-service","timestamp":"2024-07-13 23:11:48"}
{"level":"info","message":"Server started at PORT: 8001","service":"url-shortener-service","timestamp":"2024-07-13 23:11:58"}
{"level":"info","message":"MongoDB connected","service":"url-shortener-service","timestamp":"2024-07-13 23:11:58"}
{"level":"info","message":"Server started at PORT: 8001","service":"url-shortener-service","timestamp":"2024-07-14 00:02:43"}
{"level":"info","message":"MongoDB connected","service":"url-shortener-service","timestamp":"2024-07-14 00:02:43"}
{"level":"info","message":"Short URL generated: zd8Tc9b-f for http://localhost:8001/KiaQZGvQK","service":"url-shortener-service","timestamp":"2024-07-14 00:02:59"}
{"level":"info","message":"Server started at PORT: 8001","service":"url-shortener-service","timestamp":"2024-07-14 00:04:43"}
{"level":"info","message":"MongoDB connected","service":"url-shortener-service","timestamp":"2024-07-14 00:04:43"}
{"level":"info","message":"Server started at PORT: 8001","service":"url-shortener-service","timestamp":"2024-07-14 00:04:51"}
{"level":"info","message":"MongoDB connected","service":"url-shortener-service","timestamp":"2024-07-14 00:04:51"}
{"level":"info","message":"Server started at PORT: 8001","service":"url-shortener-service","timestamp":"2024-07-14 00:05:20"}
{"level":"info","message":"MongoDB connected","service":"url-shortener-service","timestamp":"2024-07-14 00:05:20"}
{"level":"info","message":"Server started at PORT: 8001","service":"url-shortener-service","timestamp":"2024-07-14 00:05:32"}
{"level":"info","message":"MongoDB connected","service":"url-shortener-service","timestamp":"2024-07-14 00:05:32"}
{"level":"info","message":"Short URL generated: ckA94ORtL for http://localhost:8001/KiaQZGvQK","service":"url-shortener-service","timestamp":"2024-07-14 00:05:50"}
{"level":"info","message":"Redirecting to http://localhost:8001/KiaQZGvQK","service":"url-shortener-service","timestamp":"2024-07-14 00:05:53"}
{"level":"info","message":"Redirecting to http://localhost:8001/8IIHJW1yG","service":"url-shortener-service","timestamp":"2024-07-14 00:05:53"}
{"level":"info","message":"Redirecting to http://localhost:8001/vNIBpQBIK","service":"url-shortener-service","timestamp":"2024-07-14 00:05:53"}
{"level":"info","message":"Redirecting to https://www.linkedin.com/in/ramesh-lahori-a2799b200/","service":"url-shortener-service","timestamp":"2024-07-14 00:05:53"}
{"level":"info","message":"Server started at PORT: 8001","service":"url-shortener-service","timestamp":"2024-07-14 00:07:28"}
{"level":"info","message":"MongoDB connected","service":"url-shortener-service","timestamp":"2024-07-14 00:07:28"}
{"level":"info","message":"Server started at PORT: 8001","service":"url-shortener-service","timestamp":"2024-07-14 00:07:33"}
{"level":"info","message":"MongoDB connected","service":"url-shortener-service","timestamp":"2024-07-14 00:07:33"}
{"level":"info","message":"Server started at PORT: 8001","service":"url-shortener-service","timestamp":"2024-07-14 00:09:00"}
{"level":"info","message":"MongoDB connected","service":"url-shortener-service","timestamp":"2024-07-14 00:09:00"}
{"level":"info","message":"Server started at PORT: 8001","service":"url-shortener-service","timestamp":"2024-07-14 00:09:06"}
{"level":"info","message":"MongoDB connected","service":"url-shortener-service","timestamp":"2024-07-14 00:09:06"}
{"level":"info","message":"Server started at PORT: 8001","service":"url-shortener-service","timestamp":"2024-07-14 00:14:07"}
{"level":"info","message":"MongoDB connected","service":"url-shortener-service","timestamp":"2024-07-14 00:14:07"}
{"level":"info","message":"Server started at PORT: 8001","service":"url-shortener-service","timestamp":"2024-07-14 00:14:44"}
{"level":"info","message":"MongoDB connected","service":"url-shortener-service","timestamp":"2024-07-14 00:14:44"}
{"level":"info","message":"Server started at PORT: 8001","service":"url-shortener-service","timestamp":"2024-07-14 00:15:33"}
{"level":"info","message":"MongoDB connected","service":"url-shortener-service","timestamp":"2024-07-14 00:15:33"}
{"level":"info","message":"Short URL generated: NiWBacJZf for http://localhost:8001/ckA94ORtL","service":"url-shortener-service","timestamp":"2024-07-14 00:15:43"}
{"level":"info","message":"Server started at PORT: 8001","service":"url-shortener-service","timestamp":"2024-07-14 00:19:47"}
{"level":"info","message":"MongoDB connected","service":"url-shortener-service","timestamp":"2024-07-14 00:19:47"}
{"level":"info","message":"Server started at PORT: 8001","service":"url-shortener-service","timestamp":"2024-07-14 00:19:52"}
{"level":"info","message":"MongoDB connected","service":"url-shortener-service","timestamp":"2024-07-14 00:19:52"}
